2019-08-10 23:26:49.089  INFO 12920 --- [main] ScAdminClientApplication          : No active profile set, falling back to default profiles: default
2019-08-10 23:26:50.883  WARN 12920 --- [main] o.s.boot.actuate.endpoint.EndpointId     : Endpoint ID 'service-registry' contains invalid characters, please migrate to a valid format.
2019-08-10 23:26:51.446  INFO 12920 --- [main] o.s.cloud.context.scope.GenericScope     : BeanFactory id=a817599d-6544-37ba-8146-955cfdb3ee46
2019-08-10 23:26:51.732  INFO 12920 --- [main] trationDelegate$BeanPostProcessorChecker : Bean 'org.springframework.cloud.autoconfigure.ConfigurationPropertiesRebinderAutoConfiguration' of type [org.springframework.cloud.autoconfigure.ConfigurationPropertiesRebinderAutoConfiguration$$EnhancerBySpringCGLIB$$c06e47c8] is not eligible for getting processed by all BeanPostProcessors (for example: not eligible for auto-proxying)
2019-08-10 23:26:54.001  INFO 12920 --- [main] o.s.b.w.embedded.tomcat.TomcatWebServer  : Tomcat initialized with port(s): 8762 (http)
2019-08-10 23:26:54.051  INFO 12920 --- [main] o.apache.catalina.core.StandardService   : Starting service [Tomcat]
2019-08-10 23:26:54.052  INFO 12920 --- [main] org.apache.catalina.core.StandardEngine  : Starting Servlet engine: [Apache Tomcat/9.0.22]
2019-08-10 23:26:54.467  INFO 12920 --- [main] o.a.c.c.C.[Tomcat].[localhost].[/]       : Initializing Spring embedded WebApplicationContext
2019-08-10 23:26:54.468  INFO 12920 --- [main] o.s.web.context.ContextLoader            : Root WebApplicationContext: initialization completed in 5314 ms
2019-08-10 23:26:54.705  WARN 12920 --- [main] c.n.c.sources.URLConfigurationSource     : No URLs will be polled as dynamic configuration sources.
2019-08-10 23:26:54.706  INFO 12920 --- [main] c.n.c.sources.URLConfigurationSource     : To enable URLs as dynamic configuration sources, define System property archaius.configurationSource.additionalUrls or make config.properties available on classpath.
2019-08-10 23:26:54.739  INFO 12920 --- [main] c.netflix.config.DynamicPropertyFactory  : DynamicPropertyFactory is initialized with configuration sources: com.netflix.config.ConcurrentCompositeConfiguration@642f9a77
2019-08-10 23:26:58.271  INFO 12920 --- [main] o.s.cloud.commons.util.InetUtils         : Cannot determine local hostname
2019-08-10 23:26:58.802  INFO 12920 --- [main] o.s.b.a.e.web.ServletEndpointRegistrar   : Registered '/actuator/jolokia' to jolokia-actuator-endpoint
2019-08-10 23:26:58.875  WARN 12920 --- [main] c.n.c.sources.URLConfigurationSource     : No URLs will be polled as dynamic configuration sources.
2019-08-10 23:26:58.876  INFO 12920 --- [main] c.n.c.sources.URLConfigurationSource     : To enable URLs as dynamic configuration sources, define System property archaius.configurationSource.additionalUrls or make config.properties available on classpath.
2019-08-10 23:26:59.582  INFO 12920 --- [main] o.s.s.concurrent.ThreadPoolTaskExecutor  : Initializing ExecutorService 'applicationTaskExecutor'
2019-08-10 23:27:06.690  INFO 12920 --- [main] o.s.cloud.commons.util.InetUtils         : Cannot determine local hostname
2019-08-10 23:27:06.862  INFO 12920 --- [main] o.s.b.a.e.web.EndpointLinksResolver      : Exposing 21 endpoint(s) beneath base path '/actuator'
2019-08-10 23:27:07.081  INFO 12920 --- [main] o.s.c.n.eureka.InstanceInfoFactory       : Setting initial instance status as: STARTING
2019-08-10 23:27:07.167  INFO 12920 --- [main] com.netflix.discovery.DiscoveryClient    : Initializing Eureka in region us-east-1
2019-08-10 23:27:09.118  INFO 12920 --- [main] c.n.d.provider.DiscoveryJerseyProvider   : Using JSON encoding codec LegacyJacksonJson
2019-08-10 23:27:09.119  INFO 12920 --- [main] c.n.d.provider.DiscoveryJerseyProvider   : Using JSON decoding codec LegacyJacksonJson
2019-08-10 23:27:09.407  INFO 12920 --- [main] c.n.d.provider.DiscoveryJerseyProvider   : Using XML encoding codec XStreamXml
2019-08-10 23:27:09.408  INFO 12920 --- [main] c.n.d.provider.DiscoveryJerseyProvider   : Using XML decoding codec XStreamXml
2019-08-10 23:27:09.747  INFO 12920 --- [main] c.n.d.s.r.aws.ConfigClusterResolver      : Resolving eureka endpoints via configuration
2019-08-10 23:27:11.455  INFO 12920 --- [main] com.netflix.discovery.DiscoveryClient    : Disable delta property : false
2019-08-10 23:27:11.455  INFO 12920 --- [main] com.netflix.discovery.DiscoveryClient    : Single vip registry refresh property : null
2019-08-10 23:27:11.455  INFO 12920 --- [main] com.netflix.discovery.DiscoveryClient    : Force full registry fetch : false
2019-08-10 23:27:11.455  INFO 12920 --- [main] com.netflix.discovery.DiscoveryClient    : Application is null : false
2019-08-10 23:27:11.456  INFO 12920 --- [main] com.netflix.discovery.DiscoveryClient    : Registered Applications size is zero : true
2019-08-10 23:27:11.456  INFO 12920 --- [main] com.netflix.discovery.DiscoveryClient    : Application version is -1: true
2019-08-10 23:27:11.456  INFO 12920 --- [main] com.netflix.discovery.DiscoveryClient    : Getting all instance registry info from the eureka server
2019-08-10 23:27:12.119  INFO 12920 --- [main] com.netflix.discovery.DiscoveryClient    : The response status is 200
2019-08-10 23:27:12.122  INFO 12920 --- [main] com.netflix.discovery.DiscoveryClient    : Starting heartbeat executor: renew interval is: 10
2019-08-10 23:27:12.126  INFO 12920 --- [main] c.n.discovery.InstanceInfoReplicator     : InstanceInfoReplicator onDemand update allowed rate per min is 4
2019-08-10 23:27:12.132  INFO 12920 --- [main] com.netflix.discovery.DiscoveryClient    : Discovery Client initialized at timestamp 1565450832130 with initial instances count: 1
2019-08-10 23:27:12.134  INFO 12920 --- [main] o.s.c.n.e.s.EurekaServiceRegistry        : Registering application SC-ADMIN-CLIENT with eureka with status UP
2019-08-10 23:27:12.135  INFO 12920 --- [main] com.netflix.discovery.DiscoveryClient    : Saw local status change event StatusChangeEvent [timestamp=1565450832135, current=UP, previous=STARTING]
2019-08-10 23:27:12.143  INFO 12920 --- [DiscoveryClient-InstanceInfoReplicator-0] com.netflix.discovery.DiscoveryClient    : DiscoveryClient_SC-ADMIN-CLIENT/localhost:sc-admin-client:8762: registering service...
2019-08-10 23:27:12.215  INFO 12920 --- [DiscoveryClient-InstanceInfoReplicator-0] com.netflix.discovery.DiscoveryClient    : DiscoveryClient_SC-ADMIN-CLIENT/localhost:sc-admin-client:8762 - registration status: 204
2019-08-10 23:27:12.250  INFO 12920 --- [main] o.s.b.w.embedded.tomcat.TomcatWebServer  : Tomcat started on port(s): 8762 (http) with context path ''
2019-08-10 23:27:12.251  INFO 12920 --- [main] .s.c.n.e.s.EurekaAutoServiceRegistration : Updating port to 8762
2019-08-10 23:27:12.254  INFO 12920 --- [main] ScAdminClientApplication          : Started ScAdminClientApplication in 33.072 seconds (JVM running for 35.843)
2019-08-10 23:27:31.583  INFO 12920 --- [http-nio-8762-exec-1] o.a.c.c.C.[Tomcat].[localhost].[/]       : Initializing Spring DispatcherServlet 'dispatcherServlet'
2019-08-10 23:27:31.584  INFO 12920 --- [http-nio-8762-exec-1] o.s.web.servlet.DispatcherServlet        : Initializing Servlet 'dispatcherServlet'
2019-08-10 23:27:31.597  INFO 12920 --- [http-nio-8762-exec-1] o.s.web.servlet.DispatcherServlet        : Completed initialization in 13 ms
2019-08-10 23:32:11.460  INFO 12920 --- [AsyncResolver-bootstrap-executor-0] c.n.d.s.r.aws.ConfigClusterResolver      : Resolving eureka endpoints via configuration
2019-08-10 23:37:11.463  INFO 12920 --- [AsyncResolver-bootstrap-executor-0] c.n.d.s.r.aws.ConfigClusterResolver      : Resolving eureka endpoints via configuration
2019-08-10 23:38:40.585  INFO 12920 --- [http-nio-8762-exec-2] o.a.c.c.C.[Tomcat].[localhost].[/]       : jolokia-actuator-endpoint: No access restrictor found, access to any MBean is allowed
2019-08-10 23:42:11.464  INFO 12920 --- [AsyncResolver-bootstrap-executor-0] c.n.d.s.r.aws.ConfigClusterResolver      : Resolving eureka endpoints via configuration
